<?xml version="1.0" encoding="utf-8"?><testsuites name="pytest tests"><testsuite name="pytest" errors="0" failures="0" skipped="0" tests="14" time="32.115" timestamp="2026-05-19T14:50:42.939802+00:00" hostname="agent-env-28198390-a8e7-4710-b1c0-53839ca35a40"><testcase classname="backend.tests.test_hiresignal.TestAuth" name="test_login_seeded_test_user" time="0.631" /><testcase classname="backend.tests.test_hiresignal.TestAuth" name="test_login_admin" time="0.383" /><testcase classname="backend.tests.test_hiresignal.TestAuth" name="test_login_invalid" time="0.454" /><testcase classname="backend.tests.test_hiresignal.TestAuth" name="test_register_and_me" time="0.462" /><testcase classname="backend.tests.test_hiresignal.TestAuth" name="test_register_duplicate" time="0.148" /><testcase classname="backend.tests.test_hiresignal.TestAuth" name="test_me_unauthenticated" time="0.118" /><testcase classname="backend.tests.test_hiresignal.TestAuth" name="test_logout" time="0.760" /><testcase classname="backend.tests.test_hiresignal.TestAuth" name="test_refresh_token" time="0.442" /><testcase classname="backend.tests.test_hiresignal.TestReports" name="test_get_reports_authenticated" time="0.049" /><testcase classname="backend.tests.test_hiresignal.TestReports" name="test_get_reports_unauthenticated" time="0.149" /><testcase classname="backend.tests.test_hiresignal.TestReports" name="test_get_report_not_found" time="0.057" /><testcase classname="backend.tests.test_hiresignal.TestReports" name="test_delete_report_unauthenticated" time="0.133" /><testcase classname="backend.tests.test_hiresignal.TestAnalyze" name="test_analyze_unauthenticated" time="0.124" /><testcase classname="backend.tests.test_hiresignal.TestAnalyze" name="test_analyze_full_flow" time="28.069" /></testsuite></testsuites>